<?xml version="1.0" encoding="UTF-8"?>
<testng-results skipped="0" failed="0" total="1" passed="1">
  <reporter-output>
  </reporter-output>
  <suite name="Default suite" duration-ms="24452" started-at="2020-03-24T14:14:47Z" finished-at="2020-03-24T14:15:12Z">
    <groups>
    </groups>
    <test name="Default test" duration-ms="24452" started-at="2020-03-24T14:14:47Z" finished-at="2020-03-24T14:15:12Z">
      <class name="pageclass.TestCases">
        <test-method status="PASS" signature="beforeTest()[pri:0, instance:pageclass.TestCases@2f7c7260]" name="beforeTest" is-config="true" duration-ms="16458" started-at="2020-03-24T19:44:48Z" finished-at="2020-03-24T19:45:04Z">
          <reporter-output>
          </reporter-output>
        </test-method> <!-- beforeTest -->
        <test-method status="PASS" signature="f()[pri:0, instance:pageclass.TestCases@2f7c7260]" name="f" duration-ms="7965" started-at="2020-03-24T19:45:04Z" finished-at="2020-03-24T19:45:12Z">
          <reporter-output>
          </reporter-output>
        </test-method> <!-- f -->
        <test-method status="PASS" signature="afterTest()[pri:0, instance:pageclass.TestCases@2f7c7260]" name="afterTest" is-config="true" duration-ms="0" started-at="2020-03-24T19:45:12Z" finished-at="2020-03-24T19:45:12Z">
          <reporter-output>
          </reporter-output>
        </test-method> <!-- afterTest -->
      </class> <!-- pageclass.TestCases -->
    </test> <!-- Default test -->
  </suite> <!-- Default suite -->
</testng-results>
